<?xml version="1.0" encoding="UTF-8"?>
<!-- Generated by org.testng.reporters.JUnitReportReporter -->
<testsuite hostname="DESKTOP-46D7Q8I" failures="0" tests="1" name="testNG_Tests.testNG_Annotations" time="0.008" errors="0" timestamp="2022-09-17T11:27:59 IST" skipped="0">
  <testcase classname="testNG_Tests.testNG_Annotations" name="myTest" time="0.008"/>
  <system-out/>
</testsuite> <!-- testNG_Tests.testNG_Annotations -->
